{"/Users/yorch/Documents/Escuela/DEV-OPS/Calculadora/app/(tabs)/index.tsx": {"path":"/Users/yorch/Documents/Escuela/DEV-OPS/Calculadora/app/(tabs)/index.tsx","statementMap":{"0":{"start":{"line":9,"column":42},"end":{"line":9,"column":57}},"1":{"start":{"line":10,"column":21},"end":{"line":10,"column":36}},"2":{"start":{"line":12,"column":2},"end":{"line":52,"column":4}},"3":{"start":{"line":55,"column":15},"end":{"line":59,"column":2}}},"fnMap":{"0":{"name":"HomeScreen","decl":{"start":{"line":8,"column":24},"end":{"line":8,"column":34}},"loc":{"start":{"line":8,"column":37},"end":{"line":53,"column":1}},"line":8}},"branchMap":{"0":{"loc":{"start":{"line":14,"column":7},"end":{"line":50,"column":7}},"type":"cond-expr","locations":[{"start":{"line":15,"column":8},"end":{"line":36,"column":10}},{"start":{"line":38,"column":8},"end":{"line":49,"column":10}}],"line":14}},"s":{"0":1,"1":1,"2":1,"3":1},"f":{"0":1},"b":{"0":[0,1]},"_coverageSchema":"1a1c01bbd47fc00a2c39e90264f33305004495a9","hash":"55ed99e30a7b170abd96da2d5697016e6b346dea"}
,"/Users/yorch/Documents/Escuela/DEV-OPS/Calculadora/components/basic-calculator.tsx": {"path":"/Users/yorch/Documents/Escuela/DEV-OPS/Calculadora/components/basic-calculator.tsx","statementMap":{"0":{"start":{"line":26,"column":63},"end":{"line":189,"column":1}},"1":{"start":{"line":38,"column":22},"end":{"line":38,"column":38}},"2":{"start":{"line":39,"column":17},"end":{"line":39,"column":39}},"3":{"start":{"line":40,"column":24},"end":{"line":87,"column":3}},"4":{"start":{"line":47,"column":23},"end":{"line":47,"column":42}},"5":{"start":{"line":52,"column":35},"end":{"line":52,"column":54}},"6":{"start":{"line":53,"column":35},"end":{"line":53,"column":54}},"7":{"start":{"line":54,"column":35},"end":{"line":54,"column":54}},"8":{"start":{"line":57,"column":23},"end":{"line":57,"column":42}},"9":{"start":{"line":62,"column":35},"end":{"line":62,"column":54}},"10":{"start":{"line":63,"column":35},"end":{"line":63,"column":54}},"11":{"start":{"line":64,"column":35},"end":{"line":64,"column":54}},"12":{"start":{"line":67,"column":23},"end":{"line":67,"column":42}},"13":{"start":{"line":72,"column":35},"end":{"line":72,"column":54}},"14":{"start":{"line":73,"column":35},"end":{"line":73,"column":54}},"15":{"start":{"line":74,"column":35},"end":{"line":74,"column":54}},"16":{"start":{"line":77,"column":23},"end":{"line":77,"column":42}},"17":{"start":{"line":82,"column":35},"end":{"line":82,"column":54}},"18":{"start":{"line":83,"column":35},"end":{"line":83,"column":54}},"19":{"start":{"line":89,"column":2},"end":{"line":188,"column":4}},"20":{"start":{"line":135,"column":10},"end":{"line":184,"column":17}},"21":{"start":{"line":137,"column":37},"end":{"line":169,"column":15}},"22":{"start":{"line":138,"column":16},"end":{"line":168,"column":17}},"23":{"start":{"line":139,"column":18},"end":{"line":143,"column":20}},"24":{"start":{"line":144,"column":23},"end":{"line":168,"column":17}},"25":{"start":{"line":145,"column":18},"end":{"line":149,"column":20}},"26":{"start":{"line":150,"column":23},"end":{"line":168,"column":17}},"27":{"start":{"line":151,"column":18},"end":{"line":155,"column":20}},"28":{"start":{"line":156,"column":23},"end":{"line":168,"column":17}},"29":{"start":{"line":157,"column":18},"end":{"line":161,"column":20}},"30":{"start":{"line":163,"column":18},"end":{"line":167,"column":20}},"31":{"start":{"line":171,"column":14},"end":{"line":182,"column":16}},"32":{"start":{"line":191,"column":15},"end":{"line":262,"column":2}}},"fnMap":{"0":{"name":"(anonymous_0)","decl":{"start":{"line":26,"column":63},"end":{"line":26,"column":64}},"loc":{"start":{"line":37,"column":6},"end":{"line":189,"column":1}},"line":37},"1":{"name":"(anonymous_1)","decl":{"start":{"line":47,"column":17},"end":{"line":47,"column":18}},"loc":{"start":{"line":47,"column":23},"end":{"line":47,"column":42}},"line":47},"2":{"name":"(anonymous_2)","decl":{"start":{"line":52,"column":29},"end":{"line":52,"column":30}},"loc":{"start":{"line":52,"column":35},"end":{"line":52,"column":54}},"line":52},"3":{"name":"(anonymous_3)","decl":{"start":{"line":53,"column":29},"end":{"line":53,"column":30}},"loc":{"start":{"line":53,"column":35},"end":{"line":53,"column":54}},"line":53},"4":{"name":"(anonymous_4)","decl":{"start":{"line":54,"column":29},"end":{"line":54,"column":30}},"loc":{"start":{"line":54,"column":35},"end":{"line":54,"column":54}},"line":54},"5":{"name":"(anonymous_5)","decl":{"start":{"line":57,"column":17},"end":{"line":57,"column":18}},"loc":{"start":{"line":57,"column":23},"end":{"line":57,"column":42}},"line":57},"6":{"name":"(anonymous_6)","decl":{"start":{"line":62,"column":29},"end":{"line":62,"column":30}},"loc":{"start":{"line":62,"column":35},"end":{"line":62,"column":54}},"line":62},"7":{"name":"(anonymous_7)","decl":{"start":{"line":63,"column":29},"end":{"line":63,"column":30}},"loc":{"start":{"line":63,"column":35},"end":{"line":63,"column":54}},"line":63},"8":{"name":"(anonymous_8)","decl":{"start":{"line":64,"column":29},"end":{"line":64,"column":30}},"loc":{"start":{"line":64,"column":35},"end":{"line":64,"column":54}},"line":64},"9":{"name":"(anonymous_9)","decl":{"start":{"line":67,"column":17},"end":{"line":67,"column":18}},"loc":{"start":{"line":67,"column":23},"end":{"line":67,"column":42}},"line":67},"10":{"name":"(anonymous_10)","decl":{"start":{"line":72,"column":29},"end":{"line":72,"column":30}},"loc":{"start":{"line":72,"column":35},"end":{"line":72,"column":54}},"line":72},"11":{"name":"(anonymous_11)","decl":{"start":{"line":73,"column":29},"end":{"line":73,"column":30}},"loc":{"start":{"line":73,"column":35},"end":{"line":73,"column":54}},"line":73},"12":{"name":"(anonymous_12)","decl":{"start":{"line":74,"column":29},"end":{"line":74,"column":30}},"loc":{"start":{"line":74,"column":35},"end":{"line":74,"column":54}},"line":74},"13":{"name":"(anonymous_13)","decl":{"start":{"line":77,"column":17},"end":{"line":77,"column":18}},"loc":{"start":{"line":77,"column":23},"end":{"line":77,"column":42}},"line":77},"14":{"name":"(anonymous_14)","decl":{"start":{"line":82,"column":29},"end":{"line":82,"column":30}},"loc":{"start":{"line":82,"column":35},"end":{"line":82,"column":54}},"line":82},"15":{"name":"(anonymous_15)","decl":{"start":{"line":83,"column":29},"end":{"line":83,"column":30}},"loc":{"start":{"line":83,"column":35},"end":{"line":83,"column":54}},"line":83},"16":{"name":"(anonymous_16)","decl":{"start":{"line":134,"column":27},"end":{"line":134,"column":28}},"loc":{"start":{"line":135,"column":10},"end":{"line":184,"column":17}},"line":135},"17":{"name":"(anonymous_17)","decl":{"start":{"line":136,"column":21},"end":{"line":136,"column":22}},"loc":{"start":{"line":136,"column":43},"end":{"line":183,"column":13}},"line":136},"18":{"name":"(anonymous_18)","decl":{"start":{"line":137,"column":37},"end":{"line":137,"column":38}},"loc":{"start":{"line":137,"column":43},"end":{"line":169,"column":15}},"line":137}},"branchMap":{"0":{"loc":{"start":{"line":95,"column":29},"end":{"line":97,"column":37}},"type":"cond-expr","locations":[{"start":{"line":96,"column":16},"end":{"line":96,"column":43}},{"start":{"line":97,"column":16},"end":{"line":97,"column":37}}],"line":95},"1":{"loc":{"start":{"line":116,"column":29},"end":{"line":118,"column":37}},"type":"cond-expr","locations":[{"start":{"line":117,"column":16},"end":{"line":117,"column":43}},{"start":{"line":118,"column":16},"end":{"line":118,"column":37}}],"line":116},"2":{"loc":{"start":{"line":127,"column":22},"end":{"line":127,"column":58}},"type":"cond-expr","locations":[{"start":{"line":127,"column":37},"end":{"line":127,"column":46}},{"start":{"line":127,"column":49},"end":{"line":127,"column":58}}],"line":127},"3":{"loc":{"start":{"line":138,"column":16},"end":{"line":168,"column":17}},"type":"if","locations":[{"start":{"line":138,"column":16},"end":{"line":168,"column":17}},{"start":{"line":144,"column":23},"end":{"line":168,"column":17}}],"line":138},"4":{"loc":{"start":{"line":140,"column":37},"end":{"line":142,"column":48}},"type":"cond-expr","locations":[{"start":{"line":141,"column":24},"end":{"line":141,"column":48}},{"start":{"line":142,"column":24},"end":{"line":142,"column":48}}],"line":140},"5":{"loc":{"start":{"line":144,"column":23},"end":{"line":168,"column":17}},"type":"if","locations":[{"start":{"line":144,"column":23},"end":{"line":168,"column":17}},{"start":{"line":150,"column":23},"end":{"line":168,"column":17}}],"line":144},"6":{"loc":{"start":{"line":146,"column":37},"end":{"line":148,"column":48}},"type":"cond-expr","locations":[{"start":{"line":147,"column":24},"end":{"line":147,"column":48}},{"start":{"line":148,"column":24},"end":{"line":148,"column":48}}],"line":146},"7":{"loc":{"start":{"line":150,"column":23},"end":{"line":168,"column":17}},"type":"if","locations":[{"start":{"line":150,"column":23},"end":{"line":168,"column":17}},{"start":{"line":156,"column":23},"end":{"line":168,"column":17}}],"line":150},"8":{"loc":{"start":{"line":152,"column":37},"end":{"line":154,"column":48}},"type":"cond-expr","locations":[{"start":{"line":153,"column":24},"end":{"line":153,"column":48}},{"start":{"line":154,"column":24},"end":{"line":154,"column":48}}],"line":152},"9":{"loc":{"start":{"line":156,"column":23},"end":{"line":168,"column":17}},"type":"if","locations":[{"start":{"line":156,"column":23},"end":{"line":168,"column":17}},{"start":{"line":162,"column":23},"end":{"line":168,"column":17}}],"line":156},"10":{"loc":{"start":{"line":158,"column":37},"end":{"line":160,"column":44}},"type":"cond-expr","locations":[{"start":{"line":159,"column":24},"end":{"line":159,"column":51}},{"start":{"line":160,"column":24},"end":{"line":160,"column":44}}],"line":158},"11":{"loc":{"start":{"line":164,"column":37},"end":{"line":166,"column":45}},"type":"cond-expr","locations":[{"start":{"line":165,"column":24},"end":{"line":165,"column":50}},{"start":{"line":166,"column":24},"end":{"line":166,"column":45}}],"line":164}},"s":{"0":1,"1":1,"2":1,"3":1,"4":0,"5":0,"6":0,"7":0,"8":0,"9":0,"10":0,"11":0,"12":0,"13":0,"14":0,"15":0,"16":0,"17":0,"18":0,"19":1,"20":5,"21":20,"22":20,"23":1,"24":19,"25":4,"26":15,"27":1,"28":14,"29":2,"30":12,"31":20,"32":1},"f":{"0":1,"1":0,"2":0,"3":0,"4":0,"5":0,"6":0,"7":0,"8":0,"9":0,"10":0,"11":0,"12":0,"13":0,"14":0,"15":0,"16":5,"17":20,"18":20},"b":{"0":[0,1],"1":[0,1],"2":[0,1],"3":[1,19],"4":[0,1],"5":[4,15],"6":[0,4],"7":[1,14],"8":[0,1],"9":[2,12],"10":[0,2],"11":[0,12]},"_coverageSchema":"1a1c01bbd47fc00a2c39e90264f33305004495a9","hash":"74095977cc9cdd1fb0e2a28d61a52eea89532b35"}
,"/Users/yorch/Documents/Escuela/DEV-OPS/Calculadora/components/scientific-calculator.tsx": {"path":"/Users/yorch/Documents/Escuela/DEV-OPS/Calculadora/components/scientific-calculator.tsx","statementMap":{"0":{"start":{"line":36,"column":73},"end":{"line":290,"column":1}},"1":{"start":{"line":58,"column":22},"end":{"line":58,"column":38}},"2":{"start":{"line":59,"column":17},"end":{"line":59,"column":39}},"3":{"start":{"line":61,"column":25},"end":{"line":106,"column":3}},"4":{"start":{"line":62,"column":4},"end":{"line":105,"column":5}},"5":{"start":{"line":63,"column":6},"end":{"line":67,"column":8}},"6":{"start":{"line":68,"column":11},"end":{"line":105,"column":5}},"7":{"start":{"line":69,"column":6},"end":{"line":73,"column":8}},"8":{"start":{"line":74,"column":11},"end":{"line":105,"column":5}},"9":{"start":{"line":75,"column":6},"end":{"line":79,"column":8}},"10":{"start":{"line":80,"column":11},"end":{"line":105,"column":5}},"11":{"start":{"line":81,"column":6},"end":{"line":85,"column":8}},"12":{"start":{"line":86,"column":11},"end":{"line":105,"column":5}},"13":{"start":{"line":87,"column":6},"end":{"line":91,"column":8}},"14":{"start":{"line":92,"column":11},"end":{"line":105,"column":5}},"15":{"start":{"line":93,"column":6},"end":{"line":98,"column":8}},"16":{"start":{"line":100,"column":6},"end":{"line":104,"column":8}},"17":{"start":{"line":108,"column":30},"end":{"line":139,"column":3}},"18":{"start":{"line":115,"column":23},"end":{"line":115,"column":57}},"19":{"start":{"line":125,"column":23},"end":{"line":125,"column":56}},"20":{"start":{"line":141,"column":25},"end":{"line":192,"column":3}},"21":{"start":{"line":148,"column":23},"end":{"line":148,"column":42}},"22":{"start":{"line":153,"column":35},"end":{"line":153,"column":54}},"23":{"start":{"line":154,"column":35},"end":{"line":154,"column":54}},"24":{"start":{"line":155,"column":35},"end":{"line":155,"column":54}},"25":{"start":{"line":158,"column":23},"end":{"line":158,"column":42}},"26":{"start":{"line":163,"column":35},"end":{"line":163,"column":54}},"27":{"start":{"line":164,"column":35},"end":{"line":164,"column":54}},"28":{"start":{"line":165,"column":35},"end":{"line":165,"column":54}},"29":{"start":{"line":168,"column":23},"end":{"line":168,"column":42}},"30":{"start":{"line":173,"column":35},"end":{"line":173,"column":54}},"31":{"start":{"line":174,"column":35},"end":{"line":174,"column":54}},"32":{"start":{"line":175,"column":35},"end":{"line":175,"column":54}},"33":{"start":{"line":178,"column":23},"end":{"line":178,"column":42}},"34":{"start":{"line":185,"column":23},"end":{"line":185,"column":42}},"35":{"start":{"line":188,"column":35},"end":{"line":188,"column":54}},"36":{"start":{"line":194,"column":2},"end":{"line":289,"column":4}},"37":{"start":{"line":248,"column":12},"end":{"line":261,"column":19}},"38":{"start":{"line":250,"column":16},"end":{"line":259,"column":35}},"39":{"start":{"line":271,"column":12},"end":{"line":284,"column":19}},"40":{"start":{"line":273,"column":16},"end":{"line":282,"column":35}},"41":{"start":{"line":292,"column":15},"end":{"line":376,"column":2}}},"fnMap":{"0":{"name":"(anonymous_0)","decl":{"start":{"line":36,"column":73},"end":{"line":36,"column":74}},"loc":{"start":{"line":57,"column":6},"end":{"line":290,"column":1}},"line":57},"1":{"name":"(anonymous_1)","decl":{"start":{"line":61,"column":25},"end":{"line":61,"column":26}},"loc":{"start":{"line":61,"column":41},"end":{"line":106,"column":3}},"line":61},"2":{"name":"(anonymous_2)","decl":{"start":{"line":115,"column":17},"end":{"line":115,"column":18}},"loc":{"start":{"line":115,"column":23},"end":{"line":115,"column":57}},"line":115},"3":{"name":"(anonymous_3)","decl":{"start":{"line":125,"column":17},"end":{"line":125,"column":18}},"loc":{"start":{"line":125,"column":23},"end":{"line":125,"column":56}},"line":125},"4":{"name":"(anonymous_4)","decl":{"start":{"line":148,"column":17},"end":{"line":148,"column":18}},"loc":{"start":{"line":148,"column":23},"end":{"line":148,"column":42}},"line":148},"5":{"name":"(anonymous_5)","decl":{"start":{"line":153,"column":29},"end":{"line":153,"column":30}},"loc":{"start":{"line":153,"column":35},"end":{"line":153,"column":54}},"line":153},"6":{"name":"(anonymous_6)","decl":{"start":{"line":154,"column":29},"end":{"line":154,"column":30}},"loc":{"start":{"line":154,"column":35},"end":{"line":154,"column":54}},"line":154},"7":{"name":"(anonymous_7)","decl":{"start":{"line":155,"column":29},"end":{"line":155,"column":30}},"loc":{"start":{"line":155,"column":35},"end":{"line":155,"column":54}},"line":155},"8":{"name":"(anonymous_8)","decl":{"start":{"line":158,"column":17},"end":{"line":158,"column":18}},"loc":{"start":{"line":158,"column":23},"end":{"line":158,"column":42}},"line":158},"9":{"name":"(anonymous_9)","decl":{"start":{"line":163,"column":29},"end":{"line":163,"column":30}},"loc":{"start":{"line":163,"column":35},"end":{"line":163,"column":54}},"line":163},"10":{"name":"(anonymous_10)","decl":{"start":{"line":164,"column":29},"end":{"line":164,"column":30}},"loc":{"start":{"line":164,"column":35},"end":{"line":164,"column":54}},"line":164},"11":{"name":"(anonymous_11)","decl":{"start":{"line":165,"column":29},"end":{"line":165,"column":30}},"loc":{"start":{"line":165,"column":35},"end":{"line":165,"column":54}},"line":165},"12":{"name":"(anonymous_12)","decl":{"start":{"line":168,"column":17},"end":{"line":168,"column":18}},"loc":{"start":{"line":168,"column":23},"end":{"line":168,"column":42}},"line":168},"13":{"name":"(anonymous_13)","decl":{"start":{"line":173,"column":29},"end":{"line":173,"column":30}},"loc":{"start":{"line":173,"column":35},"end":{"line":173,"column":54}},"line":173},"14":{"name":"(anonymous_14)","decl":{"start":{"line":174,"column":29},"end":{"line":174,"column":30}},"loc":{"start":{"line":174,"column":35},"end":{"line":174,"column":54}},"line":174},"15":{"name":"(anonymous_15)","decl":{"start":{"line":175,"column":29},"end":{"line":175,"column":30}},"loc":{"start":{"line":175,"column":35},"end":{"line":175,"column":54}},"line":175},"16":{"name":"(anonymous_16)","decl":{"start":{"line":178,"column":17},"end":{"line":178,"column":18}},"loc":{"start":{"line":178,"column":23},"end":{"line":178,"column":42}},"line":178},"17":{"name":"(anonymous_17)","decl":{"start":{"line":185,"column":17},"end":{"line":185,"column":18}},"loc":{"start":{"line":185,"column":23},"end":{"line":185,"column":42}},"line":185},"18":{"name":"(anonymous_18)","decl":{"start":{"line":188,"column":29},"end":{"line":188,"column":30}},"loc":{"start":{"line":188,"column":35},"end":{"line":188,"column":54}},"line":188},"19":{"name":"(anonymous_19)","decl":{"start":{"line":247,"column":35},"end":{"line":247,"column":36}},"loc":{"start":{"line":248,"column":12},"end":{"line":261,"column":19}},"line":248},"20":{"name":"(anonymous_20)","decl":{"start":{"line":249,"column":23},"end":{"line":249,"column":24}},"loc":{"start":{"line":250,"column":16},"end":{"line":259,"column":35}},"line":250},"21":{"name":"(anonymous_21)","decl":{"start":{"line":270,"column":30},"end":{"line":270,"column":31}},"loc":{"start":{"line":271,"column":12},"end":{"line":284,"column":19}},"line":271},"22":{"name":"(anonymous_22)","decl":{"start":{"line":272,"column":23},"end":{"line":272,"column":24}},"loc":{"start":{"line":273,"column":16},"end":{"line":282,"column":35}},"line":273}},"branchMap":{"0":{"loc":{"start":{"line":62,"column":4},"end":{"line":105,"column":5}},"type":"if","locations":[{"start":{"line":62,"column":4},"end":{"line":105,"column":5}},{"start":{"line":68,"column":11},"end":{"line":105,"column":5}}],"line":62},"1":{"loc":{"start":{"line":64,"column":25},"end":{"line":66,"column":36}},"type":"cond-expr","locations":[{"start":{"line":65,"column":12},"end":{"line":65,"column":36}},{"start":{"line":66,"column":12},"end":{"line":66,"column":36}}],"line":64},"2":{"loc":{"start":{"line":68,"column":11},"end":{"line":105,"column":5}},"type":"if","locations":[{"start":{"line":68,"column":11},"end":{"line":105,"column":5}},{"start":{"line":74,"column":11},"end":{"line":105,"column":5}}],"line":68},"3":{"loc":{"start":{"line":70,"column":25},"end":{"line":72,"column":36}},"type":"cond-expr","locations":[{"start":{"line":71,"column":12},"end":{"line":71,"column":36}},{"start":{"line":72,"column":12},"end":{"line":72,"column":36}}],"line":70},"4":{"loc":{"start":{"line":74,"column":11},"end":{"line":105,"column":5}},"type":"if","locations":[{"start":{"line":74,"column":11},"end":{"line":105,"column":5}},{"start":{"line":80,"column":11},"end":{"line":105,"column":5}}],"line":74},"5":{"loc":{"start":{"line":76,"column":25},"end":{"line":78,"column":36}},"type":"cond-expr","locations":[{"start":{"line":77,"column":12},"end":{"line":77,"column":36}},{"start":{"line":78,"column":12},"end":{"line":78,"column":36}}],"line":76},"6":{"loc":{"start":{"line":80,"column":11},"end":{"line":105,"column":5}},"type":"if","locations":[{"start":{"line":80,"column":11},"end":{"line":105,"column":5}},{"start":{"line":86,"column":11},"end":{"line":105,"column":5}}],"line":80},"7":{"loc":{"start":{"line":82,"column":25},"end":{"line":84,"column":32}},"type":"cond-expr","locations":[{"start":{"line":83,"column":12},"end":{"line":83,"column":39}},{"start":{"line":84,"column":12},"end":{"line":84,"column":32}}],"line":82},"8":{"loc":{"start":{"line":86,"column":11},"end":{"line":105,"column":5}},"type":"if","locations":[{"start":{"line":86,"column":11},"end":{"line":105,"column":5}},{"start":{"line":92,"column":11},"end":{"line":105,"column":5}}],"line":86},"9":{"loc":{"start":{"line":88,"column":25},"end":{"line":90,"column":36}},"type":"cond-expr","locations":[{"start":{"line":89,"column":12},"end":{"line":89,"column":37}},{"start":{"line":90,"column":12},"end":{"line":90,"column":36}}],"line":88},"10":{"loc":{"start":{"line":92,"column":11},"end":{"line":105,"column":5}},"type":"if","locations":[{"start":{"line":92,"column":11},"end":{"line":105,"column":5}},{"start":{"line":99,"column":11},"end":{"line":105,"column":5}}],"line":92},"11":{"loc":{"start":{"line":94,"column":25},"end":{"line":96,"column":33}},"type":"cond-expr","locations":[{"start":{"line":95,"column":12},"end":{"line":95,"column":38}},{"start":{"line":96,"column":12},"end":{"line":96,"column":33}}],"line":94},"12":{"loc":{"start":{"line":101,"column":25},"end":{"line":103,"column":33}},"type":"cond-expr","locations":[{"start":{"line":102,"column":12},"end":{"line":102,"column":38}},{"start":{"line":103,"column":12},"end":{"line":103,"column":33}}],"line":101},"13":{"loc":{"start":{"line":200,"column":29},"end":{"line":202,"column":37}},"type":"cond-expr","locations":[{"start":{"line":201,"column":16},"end":{"line":201,"column":43}},{"start":{"line":202,"column":16},"end":{"line":202,"column":37}}],"line":200},"14":{"loc":{"start":{"line":221,"column":29},"end":{"line":223,"column":37}},"type":"cond-expr","locations":[{"start":{"line":222,"column":16},"end":{"line":222,"column":43}},{"start":{"line":223,"column":16},"end":{"line":223,"column":37}}],"line":221},"15":{"loc":{"start":{"line":232,"column":22},"end":{"line":232,"column":58}},"type":"cond-expr","locations":[{"start":{"line":232,"column":37},"end":{"line":232,"column":46}},{"start":{"line":232,"column":49},"end":{"line":232,"column":58}}],"line":232}},"s":{"0":1,"1":0,"2":0,"3":0,"4":0,"5":0,"6":0,"7":0,"8":0,"9":0,"10":0,"11":0,"12":0,"13":0,"14":0,"15":0,"16":0,"17":0,"18":0,"19":0,"20":0,"21":0,"22":0,"23":0,"24":0,"25":0,"26":0,"27":0,"28":0,"29":0,"30":0,"31":0,"32":0,"33":0,"34":0,"35":0,"36":0,"37":0,"38":0,"39":0,"40":0,"41":1},"f":{"0":0,"1":0,"2":0,"3":0,"4":0,"5":0,"6":0,"7":0,"8":0,"9":0,"10":0,"11":0,"12":0,"13":0,"14":0,"15":0,"16":0,"17":0,"18":0,"19":0,"20":0,"21":0,"22":0},"b":{"0":[0,0],"1":[0,0],"2":[0,0],"3":[0,0],"4":[0,0],"5":[0,0],"6":[0,0],"7":[0,0],"8":[0,0],"9":[0,0],"10":[0,0],"11":[0,0],"12":[0,0],"13":[0,0],"14":[0,0],"15":[0,0]},"_coverageSchema":"1a1c01bbd47fc00a2c39e90264f33305004495a9","hash":"725f213d13125dd3b2c96a6f8841639d019685bd"}
,"/Users/yorch/Documents/Escuela/DEV-OPS/Calculadora/components/themed-text.tsx": {"path":"/Users/yorch/Documents/Escuela/DEV-OPS/Calculadora/components/themed-text.tsx","statementMap":{"0":{"start":{"line":18,"column":16},"end":{"line":18,"column":77}},"1":{"start":{"line":20,"column":2},"end":{"line":33,"column":4}},"2":{"start":{"line":36,"column":15},"end":{"line":60,"column":2}}},"fnMap":{"0":{"name":"ThemedText","decl":{"start":{"line":11,"column":16},"end":{"line":11,"column":26}},"loc":{"start":{"line":17,"column":20},"end":{"line":34,"column":1}},"line":17}},"branchMap":{"0":{"loc":{"start":{"line":15,"column":2},"end":{"line":15,"column":18}},"type":"default-arg","locations":[{"start":{"line":15,"column":9},"end":{"line":15,"column":18}}],"line":15},"1":{"loc":{"start":{"line":24,"column":8},"end":{"line":24,"column":55}},"type":"cond-expr","locations":[{"start":{"line":24,"column":29},"end":{"line":24,"column":43}},{"start":{"line":24,"column":46},"end":{"line":24,"column":55}}],"line":24},"2":{"loc":{"start":{"line":25,"column":8},"end":{"line":25,"column":51}},"type":"cond-expr","locations":[{"start":{"line":25,"column":27},"end":{"line":25,"column":39}},{"start":{"line":25,"column":42},"end":{"line":25,"column":51}}],"line":25},"3":{"loc":{"start":{"line":26,"column":8},"end":{"line":26,"column":71}},"type":"cond-expr","locations":[{"start":{"line":26,"column":37},"end":{"line":26,"column":59}},{"start":{"line":26,"column":62},"end":{"line":26,"column":71}}],"line":26},"4":{"loc":{"start":{"line":27,"column":8},"end":{"line":27,"column":57}},"type":"cond-expr","locations":[{"start":{"line":27,"column":30},"end":{"line":27,"column":45}},{"start":{"line":27,"column":48},"end":{"line":27,"column":57}}],"line":27},"5":{"loc":{"start":{"line":28,"column":8},"end":{"line":28,"column":49}},"type":"cond-expr","locations":[{"start":{"line":28,"column":26},"end":{"line":28,"column":37}},{"start":{"line":28,"column":40},"end":{"line":28,"column":49}}],"line":28}},"s":{"0":23,"1":23,"2":1},"f":{"0":23},"b":{"0":[23],"1":[23,0],"2":[0,23],"3":[0,23],"4":[0,23],"5":[0,23]},"_coverageSchema":"1a1c01bbd47fc00a2c39e90264f33305004495a9","hash":"a13b12b287b3beaac828a73c22b2976cb8eab802"}
,"/Users/yorch/Documents/Escuela/DEV-OPS/Calculadora/components/themed-view.tsx": {"path":"/Users/yorch/Documents/Escuela/DEV-OPS/Calculadora/components/themed-view.tsx","statementMap":{"0":{"start":{"line":11,"column":26},"end":{"line":11,"column":93}},"1":{"start":{"line":13,"column":2},"end":{"line":13,"column":71}}},"fnMap":{"0":{"name":"ThemedView","decl":{"start":{"line":10,"column":16},"end":{"line":10,"column":26}},"loc":{"start":{"line":10,"column":93},"end":{"line":14,"column":1}},"line":10}},"branchMap":{},"s":{"0":2,"1":2},"f":{"0":2},"b":{},"_coverageSchema":"1a1c01bbd47fc00a2c39e90264f33305004495a9","hash":"656e015cf5b4746154e5e91201f73375b804b4cf"}
,"/Users/yorch/Documents/Escuela/DEV-OPS/Calculadora/constants/theme.ts": {"path":"/Users/yorch/Documents/Escuela/DEV-OPS/Calculadora/constants/theme.ts","statementMap":{"0":{"start":{"line":8,"column":23},"end":{"line":8,"column":32}},"1":{"start":{"line":9,"column":22},"end":{"line":9,"column":28}},"2":{"start":{"line":11,"column":22},"end":{"line":28,"column":1}},"3":{"start":{"line":30,"column":21},"end":{"line":53,"column":2}}},"fnMap":{},"branchMap":{},"s":{"0":1,"1":1,"2":1,"3":1},"f":{},"b":{},"_coverageSchema":"1a1c01bbd47fc00a2c39e90264f33305004495a9","hash":"39e3f1e363fab3670d8a6fc6f42a50cc53795c31"}
,"/Users/yorch/Documents/Escuela/DEV-OPS/Calculadora/hooks/use-calculator.ts": {"path":"/Users/yorch/Documents/Escuela/DEV-OPS/Calculadora/hooks/use-calculator.ts","statementMap":{"0":{"start":{"line":15,"column":29},"end":{"line":362,"column":1}},"1":{"start":{"line":16,"column":28},"end":{"line":24,"column":4}},"2":{"start":{"line":26,"column":19},"end":{"line":36,"column":8}},"3":{"start":{"line":27,"column":4},"end":{"line":35,"column":7}},"4":{"start":{"line":38,"column":23},"end":{"line":43,"column":8}},"5":{"start":{"line":39,"column":4},"end":{"line":42,"column":8}},"6":{"start":{"line":39,"column":24},"end":{"line":42,"column":5}},"7":{"start":{"line":45,"column":23},"end":{"line":68,"column":8}},"8":{"start":{"line":46,"column":4},"end":{"line":67,"column":7}},"9":{"start":{"line":47,"column":29},"end":{"line":47,"column":47}},"10":{"start":{"line":49,"column":6},"end":{"line":57,"column":7}},"11":{"start":{"line":50,"column":8},"end":{"line":50,"column":31}},"12":{"start":{"line":51,"column":13},"end":{"line":57,"column":7}},"13":{"start":{"line":52,"column":8},"end":{"line":52,"column":31}},"14":{"start":{"line":53,"column":13},"end":{"line":57,"column":7}},"15":{"start":{"line":54,"column":8},"end":{"line":54,"column":20}},"16":{"start":{"line":56,"column":8},"end":{"line":56,"column":52}},"17":{"start":{"line":59,"column":25},"end":{"line":59,"column":113}},"18":{"start":{"line":61,"column":6},"end":{"line":66,"column":8}},"19":{"start":{"line":70,"column":23},"end":{"line":111,"column":8}},"20":{"start":{"line":71,"column":4},"end":{"line":110,"column":7}},"21":{"start":{"line":72,"column":27},"end":{"line":72,"column":57}},"22":{"start":{"line":73,"column":32},"end":{"line":73,"column":53}},"23":{"start":{"line":75,"column":6},"end":{"line":86,"column":7}},"24":{"start":{"line":76,"column":8},"end":{"line":76,"column":53}},"25":{"start":{"line":77,"column":8},"end":{"line":85,"column":10}},"26":{"start":{"line":88,"column":6},"end":{"line":96,"column":7}},"27":{"start":{"line":89,"column":8},"end":{"line":89,"column":59}},"28":{"start":{"line":90,"column":8},"end":{"line":95,"column":10}},"29":{"start":{"line":98,"column":21},"end":{"line":98,"column":93}},"30":{"start":{"line":99,"column":6},"end":{"line":99,"column":45}},"31":{"start":{"line":101,"column":6},"end":{"line":109,"column":8}},"32":{"start":{"line":113,"column":20},"end":{"line":134,"column":8}},"33":{"start":{"line":114,"column":4},"end":{"line":133,"column":7}},"34":{"start":{"line":115,"column":6},"end":{"line":117,"column":7}},"35":{"start":{"line":116,"column":8},"end":{"line":116,"column":20}},"36":{"start":{"line":119,"column":27},"end":{"line":119,"column":57}},"37":{"start":{"line":120,"column":21},"end":{"line":120,"column":87}},"38":{"start":{"line":121,"column":29},"end":{"line":121,"column":70}},"39":{"start":{"line":123,"column":6},"end":{"line":132,"column":8}},"40":{"start":{"line":136,"column":21},"end":{"line":156,"column":8}},"41":{"start":{"line":137,"column":4},"end":{"line":155,"column":7}},"42":{"start":{"line":138,"column":6},"end":{"line":146,"column":7}},"43":{"start":{"line":139,"column":33},"end":{"line":139,"column":36}},"44":{"start":{"line":140,"column":27},"end":{"line":140,"column":78}},"45":{"start":{"line":141,"column":8},"end":{"line":145,"column":10}},"46":{"start":{"line":148,"column":31},"end":{"line":148,"column":62}},"47":{"start":{"line":149,"column":25},"end":{"line":149,"column":65}},"48":{"start":{"line":150,"column":6},"end":{"line":154,"column":8}},"49":{"start":{"line":158,"column":21},"end":{"line":169,"column":8}},"50":{"start":{"line":159,"column":4},"end":{"line":168,"column":7}},"51":{"start":{"line":160,"column":20},"end":{"line":160,"column":50}},"52":{"start":{"line":161,"column":31},"end":{"line":161,"column":50}},"53":{"start":{"line":162,"column":25},"end":{"line":162,"column":65}},"54":{"start":{"line":163,"column":6},"end":{"line":167,"column":8}},"55":{"start":{"line":171,"column":21},"end":{"line":182,"column":8}},"56":{"start":{"line":172,"column":4},"end":{"line":181,"column":7}},"57":{"start":{"line":173,"column":20},"end":{"line":173,"column":50}},"58":{"start":{"line":174,"column":31},"end":{"line":174,"column":55}},"59":{"start":{"line":175,"column":25},"end":{"line":175,"column":65}},"60":{"start":{"line":176,"column":6},"end":{"line":180,"column":8}},"61":{"start":{"line":184,"column":21},"end":{"line":196,"column":8}},"62":{"start":{"line":185,"column":4},"end":{"line":195,"column":7}},"63":{"start":{"line":186,"column":20},"end":{"line":186,"column":50}},"64":{"start":{"line":187,"column":6},"end":{"line":187,"column":33}},"65":{"start":{"line":187,"column":21},"end":{"line":187,"column":33}},"66":{"start":{"line":188,"column":31},"end":{"line":188,"column":58}},"67":{"start":{"line":189,"column":25},"end":{"line":189,"column":65}},"68":{"start":{"line":190,"column":6},"end":{"line":194,"column":8}},"69":{"start":{"line":198,"column":17},"end":{"line":209,"column":8}},"70":{"start":{"line":199,"column":4},"end":{"line":208,"column":7}},"71":{"start":{"line":200,"column":20},"end":{"line":200,"column":50}},"72":{"start":{"line":201,"column":31},"end":{"line":201,"column":57}},"73":{"start":{"line":202,"column":25},"end":{"line":202,"column":65}},"74":{"start":{"line":203,"column":6},"end":{"line":207,"column":8}},"75":{"start":{"line":211,"column":15},"end":{"line":222,"column":8}},"76":{"start":{"line":212,"column":4},"end":{"line":221,"column":7}},"77":{"start":{"line":213,"column":20},"end":{"line":213,"column":50}},"78":{"start":{"line":214,"column":31},"end":{"line":214,"column":75}},"79":{"start":{"line":215,"column":25},"end":{"line":215,"column":65}},"80":{"start":{"line":216,"column":6},"end":{"line":220,"column":8}},"81":{"start":{"line":224,"column":17},"end":{"line":235,"column":8}},"82":{"start":{"line":225,"column":4},"end":{"line":234,"column":7}},"83":{"start":{"line":226,"column":20},"end":{"line":226,"column":50}},"84":{"start":{"line":227,"column":31},"end":{"line":227,"column":75}},"85":{"start":{"line":228,"column":25},"end":{"line":228,"column":65}},"86":{"start":{"line":229,"column":6},"end":{"line":233,"column":8}},"87":{"start":{"line":237,"column":18},"end":{"line":248,"column":8}},"88":{"start":{"line":238,"column":4},"end":{"line":247,"column":7}},"89":{"start":{"line":239,"column":20},"end":{"line":239,"column":50}},"90":{"start":{"line":240,"column":31},"end":{"line":240,"column":75}},"91":{"start":{"line":241,"column":25},"end":{"line":241,"column":65}},"92":{"start":{"line":242,"column":6},"end":{"line":246,"column":8}},"93":{"start":{"line":250,"column":20},"end":{"line":262,"column":8}},"94":{"start":{"line":251,"column":4},"end":{"line":261,"column":7}},"95":{"start":{"line":252,"column":20},"end":{"line":252,"column":50}},"96":{"start":{"line":253,"column":6},"end":{"line":253,"column":34}},"97":{"start":{"line":253,"column":22},"end":{"line":253,"column":34}},"98":{"start":{"line":254,"column":31},"end":{"line":254,"column":59}},"99":{"start":{"line":255,"column":25},"end":{"line":255,"column":65}},"100":{"start":{"line":256,"column":6},"end":{"line":260,"column":8}},"101":{"start":{"line":264,"column":27},"end":{"line":276,"column":8}},"102":{"start":{"line":265,"column":4},"end":{"line":275,"column":7}},"103":{"start":{"line":266,"column":20},"end":{"line":266,"column":50}},"104":{"start":{"line":267,"column":6},"end":{"line":267,"column":34}},"105":{"start":{"line":267,"column":22},"end":{"line":267,"column":34}},"106":{"start":{"line":268,"column":31},"end":{"line":268,"column":57}},"107":{"start":{"line":269,"column":25},"end":{"line":269,"column":65}},"108":{"start":{"line":270,"column":6},"end":{"line":274,"column":8}},"109":{"start":{"line":278,"column":22},"end":{"line":289,"column":8}},"110":{"start":{"line":279,"column":4},"end":{"line":288,"column":7}},"111":{"start":{"line":280,"column":20},"end":{"line":280,"column":50}},"112":{"start":{"line":281,"column":31},"end":{"line":281,"column":57}},"113":{"start":{"line":282,"column":25},"end":{"line":282,"column":65}},"114":{"start":{"line":283,"column":6},"end":{"line":287,"column":8}},"115":{"start":{"line":291,"column":20},"end":{"line":309,"column":8}},"116":{"start":{"line":292,"column":4},"end":{"line":308,"column":7}},"117":{"start":{"line":293,"column":20},"end":{"line":293,"column":50}},"118":{"start":{"line":294,"column":6},"end":{"line":294,"column":61}},"119":{"start":{"line":294,"column":49},"end":{"line":294,"column":61}},"120":{"start":{"line":296,"column":19},"end":{"line":296,"column":20}},"121":{"start":{"line":297,"column":6},"end":{"line":299,"column":7}},"122":{"start":{"line":297,"column":19},"end":{"line":297,"column":20}},"123":{"start":{"line":298,"column":8},"end":{"line":298,"column":20}},"124":{"start":{"line":301,"column":31},"end":{"line":301,"column":48}},"125":{"start":{"line":302,"column":25},"end":{"line":302,"column":65}},"126":{"start":{"line":303,"column":6},"end":{"line":307,"column":8}},"127":{"start":{"line":311,"column":16},"end":{"line":322,"column":8}},"128":{"start":{"line":312,"column":4},"end":{"line":321,"column":7}},"129":{"start":{"line":313,"column":20},"end":{"line":313,"column":50}},"130":{"start":{"line":314,"column":31},"end":{"line":314,"column":67}},"131":{"start":{"line":315,"column":25},"end":{"line":315,"column":65}},"132":{"start":{"line":316,"column":6},"end":{"line":320,"column":8}},"133":{"start":{"line":324,"column":21},"end":{"line":336,"column":8}},"134":{"start":{"line":325,"column":4},"end":{"line":335,"column":7}},"135":{"start":{"line":326,"column":20},"end":{"line":326,"column":50}},"136":{"start":{"line":327,"column":6},"end":{"line":327,"column":35}},"137":{"start":{"line":327,"column":23},"end":{"line":327,"column":35}},"138":{"start":{"line":328,"column":31},"end":{"line":328,"column":53}},"139":{"start":{"line":329,"column":25},"end":{"line":329,"column":65}},"140":{"start":{"line":330,"column":6},"end":{"line":334,"column":8}},"141":{"start":{"line":338,"column":2},"end":{"line":361,"column":4}},"142":{"start":{"line":365,"column":2},"end":{"line":376,"column":3}},"143":{"start":{"line":367,"column":6},"end":{"line":367,"column":28}},"144":{"start":{"line":369,"column":6},"end":{"line":369,"column":28}},"145":{"start":{"line":371,"column":6},"end":{"line":371,"column":28}},"146":{"start":{"line":373,"column":6},"end":{"line":373,"column":48}},"147":{"start":{"line":375,"column":6},"end":{"line":375,"column":21}}},"fnMap":{"0":{"name":"(anonymous_0)","decl":{"start":{"line":15,"column":29},"end":{"line":15,"column":30}},"loc":{"start":{"line":15,"column":35},"end":{"line":362,"column":1}},"line":15},"1":{"name":"(anonymous_1)","decl":{"start":{"line":26,"column":31},"end":{"line":26,"column":32}},"loc":{"start":{"line":26,"column":37},"end":{"line":36,"column":3}},"line":26},"2":{"name":"(anonymous_2)","decl":{"start":{"line":38,"column":35},"end":{"line":38,"column":36}},"loc":{"start":{"line":38,"column":41},"end":{"line":43,"column":3}},"line":38},"3":{"name":"(anonymous_3)","decl":{"start":{"line":39,"column":13},"end":{"line":39,"column":14}},"loc":{"start":{"line":39,"column":24},"end":{"line":42,"column":5}},"line":39},"4":{"name":"(anonymous_4)","decl":{"start":{"line":45,"column":35},"end":{"line":45,"column":36}},"loc":{"start":{"line":45,"column":52},"end":{"line":68,"column":3}},"line":45},"5":{"name":"(anonymous_5)","decl":{"start":{"line":46,"column":13},"end":{"line":46,"column":14}},"loc":{"start":{"line":46,"column":23},"end":{"line":67,"column":5}},"line":46},"6":{"name":"(anonymous_6)","decl":{"start":{"line":70,"column":35},"end":{"line":70,"column":36}},"loc":{"start":{"line":70,"column":51},"end":{"line":111,"column":3}},"line":70},"7":{"name":"(anonymous_7)","decl":{"start":{"line":71,"column":13},"end":{"line":71,"column":14}},"loc":{"start":{"line":71,"column":23},"end":{"line":110,"column":5}},"line":71},"8":{"name":"(anonymous_8)","decl":{"start":{"line":113,"column":32},"end":{"line":113,"column":33}},"loc":{"start":{"line":113,"column":38},"end":{"line":134,"column":3}},"line":113},"9":{"name":"(anonymous_9)","decl":{"start":{"line":114,"column":13},"end":{"line":114,"column":14}},"loc":{"start":{"line":114,"column":23},"end":{"line":133,"column":5}},"line":114},"10":{"name":"(anonymous_10)","decl":{"start":{"line":136,"column":33},"end":{"line":136,"column":34}},"loc":{"start":{"line":136,"column":39},"end":{"line":156,"column":3}},"line":136},"11":{"name":"(anonymous_11)","decl":{"start":{"line":137,"column":13},"end":{"line":137,"column":14}},"loc":{"start":{"line":137,"column":23},"end":{"line":155,"column":5}},"line":137},"12":{"name":"(anonymous_12)","decl":{"start":{"line":158,"column":33},"end":{"line":158,"column":34}},"loc":{"start":{"line":158,"column":39},"end":{"line":169,"column":3}},"line":158},"13":{"name":"(anonymous_13)","decl":{"start":{"line":159,"column":13},"end":{"line":159,"column":14}},"loc":{"start":{"line":159,"column":23},"end":{"line":168,"column":5}},"line":159},"14":{"name":"(anonymous_14)","decl":{"start":{"line":171,"column":33},"end":{"line":171,"column":34}},"loc":{"start":{"line":171,"column":39},"end":{"line":182,"column":3}},"line":171},"15":{"name":"(anonymous_15)","decl":{"start":{"line":172,"column":13},"end":{"line":172,"column":14}},"loc":{"start":{"line":172,"column":23},"end":{"line":181,"column":5}},"line":172},"16":{"name":"(anonymous_16)","decl":{"start":{"line":184,"column":33},"end":{"line":184,"column":34}},"loc":{"start":{"line":184,"column":39},"end":{"line":196,"column":3}},"line":184},"17":{"name":"(anonymous_17)","decl":{"start":{"line":185,"column":13},"end":{"line":185,"column":14}},"loc":{"start":{"line":185,"column":23},"end":{"line":195,"column":5}},"line":185},"18":{"name":"(anonymous_18)","decl":{"start":{"line":198,"column":29},"end":{"line":198,"column":30}},"loc":{"start":{"line":198,"column":35},"end":{"line":209,"column":3}},"line":198},"19":{"name":"(anonymous_19)","decl":{"start":{"line":199,"column":13},"end":{"line":199,"column":14}},"loc":{"start":{"line":199,"column":23},"end":{"line":208,"column":5}},"line":199},"20":{"name":"(anonymous_20)","decl":{"start":{"line":211,"column":27},"end":{"line":211,"column":28}},"loc":{"start":{"line":211,"column":33},"end":{"line":222,"column":3}},"line":211},"21":{"name":"(anonymous_21)","decl":{"start":{"line":212,"column":13},"end":{"line":212,"column":14}},"loc":{"start":{"line":212,"column":23},"end":{"line":221,"column":5}},"line":212},"22":{"name":"(anonymous_22)","decl":{"start":{"line":224,"column":29},"end":{"line":224,"column":30}},"loc":{"start":{"line":224,"column":35},"end":{"line":235,"column":3}},"line":224},"23":{"name":"(anonymous_23)","decl":{"start":{"line":225,"column":13},"end":{"line":225,"column":14}},"loc":{"start":{"line":225,"column":23},"end":{"line":234,"column":5}},"line":225},"24":{"name":"(anonymous_24)","decl":{"start":{"line":237,"column":30},"end":{"line":237,"column":31}},"loc":{"start":{"line":237,"column":36},"end":{"line":248,"column":3}},"line":237},"25":{"name":"(anonymous_25)","decl":{"start":{"line":238,"column":13},"end":{"line":238,"column":14}},"loc":{"start":{"line":238,"column":23},"end":{"line":247,"column":5}},"line":238},"26":{"name":"(anonymous_26)","decl":{"start":{"line":250,"column":32},"end":{"line":250,"column":33}},"loc":{"start":{"line":250,"column":38},"end":{"line":262,"column":3}},"line":250},"27":{"name":"(anonymous_27)","decl":{"start":{"line":251,"column":13},"end":{"line":251,"column":14}},"loc":{"start":{"line":251,"column":23},"end":{"line":261,"column":5}},"line":251},"28":{"name":"(anonymous_28)","decl":{"start":{"line":264,"column":39},"end":{"line":264,"column":40}},"loc":{"start":{"line":264,"column":45},"end":{"line":276,"column":3}},"line":264},"29":{"name":"(anonymous_29)","decl":{"start":{"line":265,"column":13},"end":{"line":265,"column":14}},"loc":{"start":{"line":265,"column":23},"end":{"line":275,"column":5}},"line":265},"30":{"name":"(anonymous_30)","decl":{"start":{"line":278,"column":34},"end":{"line":278,"column":35}},"loc":{"start":{"line":278,"column":40},"end":{"line":289,"column":3}},"line":278},"31":{"name":"(anonymous_31)","decl":{"start":{"line":279,"column":13},"end":{"line":279,"column":14}},"loc":{"start":{"line":279,"column":23},"end":{"line":288,"column":5}},"line":279},"32":{"name":"(anonymous_32)","decl":{"start":{"line":291,"column":32},"end":{"line":291,"column":33}},"loc":{"start":{"line":291,"column":38},"end":{"line":309,"column":3}},"line":291},"33":{"name":"(anonymous_33)","decl":{"start":{"line":292,"column":13},"end":{"line":292,"column":14}},"loc":{"start":{"line":292,"column":23},"end":{"line":308,"column":5}},"line":292},"34":{"name":"(anonymous_34)","decl":{"start":{"line":311,"column":28},"end":{"line":311,"column":29}},"loc":{"start":{"line":311,"column":50},"end":{"line":322,"column":3}},"line":311},"35":{"name":"(anonymous_35)","decl":{"start":{"line":312,"column":13},"end":{"line":312,"column":14}},"loc":{"start":{"line":312,"column":23},"end":{"line":321,"column":5}},"line":312},"36":{"name":"(anonymous_36)","decl":{"start":{"line":324,"column":33},"end":{"line":324,"column":34}},"loc":{"start":{"line":324,"column":39},"end":{"line":336,"column":3}},"line":324},"37":{"name":"(anonymous_37)","decl":{"start":{"line":325,"column":13},"end":{"line":325,"column":14}},"loc":{"start":{"line":325,"column":23},"end":{"line":335,"column":5}},"line":325},"38":{"name":"performOperation","decl":{"start":{"line":364,"column":9},"end":{"line":364,"column":25}},"loc":{"start":{"line":364,"column":84},"end":{"line":377,"column":1}},"line":364}},"branchMap":{"0":{"loc":{"start":{"line":49,"column":6},"end":{"line":57,"column":7}},"type":"if","locations":[{"start":{"line":49,"column":6},"end":{"line":57,"column":7}},{"start":{"line":51,"column":13},"end":{"line":57,"column":7}}],"line":49},"1":{"loc":{"start":{"line":51,"column":13},"end":{"line":57,"column":7}},"type":"if","locations":[{"start":{"line":51,"column":13},"end":{"line":57,"column":7}},{"start":{"line":53,"column":13},"end":{"line":57,"column":7}}],"line":51},"2":{"loc":{"start":{"line":51,"column":17},"end":{"line":51,"column":58}},"type":"binary-expr","locations":[{"start":{"line":51,"column":17},"end":{"line":51,"column":43}},{"start":{"line":51,"column":47},"end":{"line":51,"column":58}}],"line":51},"3":{"loc":{"start":{"line":53,"column":13},"end":{"line":57,"column":7}},"type":"if","locations":[{"start":{"line":53,"column":13},"end":{"line":57,"column":7}},{"start":{"line":55,"column":13},"end":{"line":57,"column":7}}],"line":53},"4":{"loc":{"start":{"line":53,"column":17},"end":{"line":53,"column":64}},"type":"binary-expr","locations":[{"start":{"line":53,"column":17},"end":{"line":53,"column":28}},{"start":{"line":53,"column":32},"end":{"line":53,"column":64}}],"line":53},"5":{"loc":{"start":{"line":59,"column":25},"end":{"line":59,"column":113}},"type":"cond-expr","locations":[{"start":{"line":59,"column":49},"end":{"line":59,"column":94}},{"start":{"line":59,"column":97},"end":{"line":59,"column":113}}],"line":59},"6":{"loc":{"start":{"line":75,"column":6},"end":{"line":86,"column":7}},"type":"if","locations":[{"start":{"line":75,"column":6},"end":{"line":86,"column":7}},{"start":{},"end":{}}],"line":75},"7":{"loc":{"start":{"line":88,"column":6},"end":{"line":96,"column":7}},"type":"if","locations":[{"start":{"line":88,"column":6},"end":{"line":96,"column":7}},{"start":{},"end":{}}],"line":88},"8":{"loc":{"start":{"line":98,"column":72},"end":{"line":98,"column":92}},"type":"binary-expr","locations":[{"start":{"line":98,"column":72},"end":{"line":98,"column":86}},{"start":{"line":98,"column":90},"end":{"line":98,"column":92}}],"line":98},"9":{"loc":{"start":{"line":115,"column":6},"end":{"line":117,"column":7}},"type":"if","locations":[{"start":{"line":115,"column":6},"end":{"line":117,"column":7}},{"start":{},"end":{}}],"line":115},"10":{"loc":{"start":{"line":115,"column":10},"end":{"line":115,"column":64}},"type":"binary-expr","locations":[{"start":{"line":115,"column":10},"end":{"line":115,"column":33}},{"start":{"line":115,"column":37},"end":{"line":115,"column":64}}],"line":115},"11":{"loc":{"start":{"line":138,"column":6},"end":{"line":146,"column":7}},"type":"if","locations":[{"start":{"line":138,"column":6},"end":{"line":146,"column":7}},{"start":{},"end":{}}],"line":138},"12":{"loc":{"start":{"line":140,"column":27},"end":{"line":140,"column":78}},"type":"cond-expr","locations":[{"start":{"line":140,"column":51},"end":{"line":140,"column":72}},{"start":{"line":140,"column":75},"end":{"line":140,"column":78}}],"line":140},"13":{"loc":{"start":{"line":187,"column":6},"end":{"line":187,"column":33}},"type":"if","locations":[{"start":{"line":187,"column":6},"end":{"line":187,"column":33}},{"start":{},"end":{}}],"line":187},"14":{"loc":{"start":{"line":253,"column":6},"end":{"line":253,"column":34}},"type":"if","locations":[{"start":{"line":253,"column":6},"end":{"line":253,"column":34}},{"start":{},"end":{}}],"line":253},"15":{"loc":{"start":{"line":267,"column":6},"end":{"line":267,"column":34}},"type":"if","locations":[{"start":{"line":267,"column":6},"end":{"line":267,"column":34}},{"start":{},"end":{}}],"line":267},"16":{"loc":{"start":{"line":294,"column":6},"end":{"line":294,"column":61}},"type":"if","locations":[{"start":{"line":294,"column":6},"end":{"line":294,"column":61}},{"start":{},"end":{}}],"line":294},"17":{"loc":{"start":{"line":294,"column":10},"end":{"line":294,"column":47}},"type":"binary-expr","locations":[{"start":{"line":294,"column":10},"end":{"line":294,"column":19}},{"start":{"line":294,"column":23},"end":{"line":294,"column":47}}],"line":294},"18":{"loc":{"start":{"line":327,"column":6},"end":{"line":327,"column":35}},"type":"if","locations":[{"start":{"line":327,"column":6},"end":{"line":327,"column":35}},{"start":{},"end":{}}],"line":327},"19":{"loc":{"start":{"line":365,"column":2},"end":{"line":376,"column":3}},"type":"switch","locations":[{"start":{"line":366,"column":4},"end":{"line":367,"column":28}},{"start":{"line":368,"column":4},"end":{"line":369,"column":28}},{"start":{"line":370,"column":4},"end":{"line":371,"column":28}},{"start":{"line":372,"column":4},"end":{"line":373,"column":48}},{"start":{"line":374,"column":4},"end":{"line":375,"column":21}}],"line":365},"20":{"loc":{"start":{"line":373,"column":13},"end":{"line":373,"column":47}},"type":"cond-expr","locations":[{"start":{"line":373,"column":29},"end":{"line":373,"column":43}},{"start":{"line":373,"column":46},"end":{"line":373,"column":47}}],"line":373}},"s":{"0":1,"1":1,"2":1,"3":0,"4":1,"5":0,"6":0,"7":1,"8":0,"9":0,"10":0,"11":0,"12":0,"13":0,"14":0,"15":0,"16":0,"17":0,"18":0,"19":1,"20":0,"21":0,"22":0,"23":0,"24":0,"25":0,"26":0,"27":0,"28":0,"29":0,"30":0,"31":0,"32":1,"33":0,"34":0,"35":0,"36":0,"37":0,"38":0,"39":0,"40":1,"41":0,"42":0,"43":0,"44":0,"45":0,"46":0,"47":0,"48":0,"49":1,"50":0,"51":0,"52":0,"53":0,"54":0,"55":1,"56":0,"57":0,"58":0,"59":0,"60":0,"61":1,"62":0,"63":0,"64":0,"65":0,"66":0,"67":0,"68":0,"69":1,"70":0,"71":0,"72":0,"73":0,"74":0,"75":1,"76":0,"77":0,"78":0,"79":0,"80":0,"81":1,"82":0,"83":0,"84":0,"85":0,"86":0,"87":1,"88":0,"89":0,"90":0,"91":0,"92":0,"93":1,"94":0,"95":0,"96":0,"97":0,"98":0,"99":0,"100":0,"101":1,"102":0,"103":0,"104":0,"105":0,"106":0,"107":0,"108":0,"109":1,"110":0,"111":0,"112":0,"113":0,"114":0,"115":1,"116":0,"117":0,"118":0,"119":0,"120":0,"121":0,"122":0,"123":0,"124":0,"125":0,"126":0,"127":1,"128":0,"129":0,"130":0,"131":0,"132":0,"133":1,"134":0,"135":0,"136":0,"137":0,"138":0,"139":0,"140":0,"141":1,"142":0,"143":0,"144":0,"145":0,"146":0,"147":0},"f":{"0":1,"1":0,"2":0,"3":0,"4":0,"5":0,"6":0,"7":0,"8":0,"9":0,"10":0,"11":0,"12":0,"13":0,"14":0,"15":0,"16":0,"17":0,"18":0,"19":0,"20":0,"21":0,"22":0,"23":0,"24":0,"25":0,"26":0,"27":0,"28":0,"29":0,"30":0,"31":0,"32":0,"33":0,"34":0,"35":0,"36":0,"37":0,"38":0},"b":{"0":[0,0],"1":[0,0],"2":[0,0],"3":[0,0],"4":[0,0],"5":[0,0],"6":[0,0],"7":[0,0],"8":[0,0],"9":[0,0],"10":[0,0],"11":[0,0],"12":[0,0],"13":[0,0],"14":[0,0],"15":[0,0],"16":[0,0],"17":[0,0],"18":[0,0],"19":[0,0,0,0,0],"20":[0,0]},"_coverageSchema":"1a1c01bbd47fc00a2c39e90264f33305004495a9","hash":"ce42e428a3ae1e0a3b102a98399a5f61092364b4"}
,"/Users/yorch/Documents/Escuela/DEV-OPS/Calculadora/hooks/use-color-scheme.ts": {"path":"/Users/yorch/Documents/Escuela/DEV-OPS/Calculadora/hooks/use-color-scheme.ts","statementMap":{},"fnMap":{},"branchMap":{},"s":{},"f":{},"b":{},"_coverageSchema":"1a1c01bbd47fc00a2c39e90264f33305004495a9","hash":"756db8c6bf62827d4031475dee243782df1e0174"}
,"/Users/yorch/Documents/Escuela/DEV-OPS/Calculadora/hooks/use-theme-color.ts": {"path":"/Users/yorch/Documents/Escuela/DEV-OPS/Calculadora/hooks/use-theme-color.ts","statementMap":{"0":{"start":{"line":13,"column":16},"end":{"line":13,"column":43}},"1":{"start":{"line":14,"column":25},"end":{"line":14,"column":37}},"2":{"start":{"line":16,"column":2},"end":{"line":20,"column":3}},"3":{"start":{"line":17,"column":4},"end":{"line":17,"column":26}},"4":{"start":{"line":19,"column":4},"end":{"line":19,"column":36}}},"fnMap":{"0":{"name":"useThemeColor","decl":{"start":{"line":9,"column":16},"end":{"line":9,"column":29}},"loc":{"start":{"line":12,"column":2},"end":{"line":21,"column":1}},"line":12}},"branchMap":{"0":{"loc":{"start":{"line":13,"column":16},"end":{"line":13,"column":43}},"type":"binary-expr","locations":[{"start":{"line":13,"column":16},"end":{"line":13,"column":32}},{"start":{"line":13,"column":36},"end":{"line":13,"column":43}}],"line":13},"1":{"loc":{"start":{"line":16,"column":2},"end":{"line":20,"column":3}},"type":"if","locations":[{"start":{"line":16,"column":2},"end":{"line":20,"column":3}},{"start":{"line":18,"column":9},"end":{"line":20,"column":3}}],"line":16}},"s":{"0":25,"1":25,"2":25,"3":0,"4":25},"f":{"0":25},"b":{"0":[25,0],"1":[0,25]},"_coverageSchema":"1a1c01bbd47fc00a2c39e90264f33305004495a9","hash":"43475f0041316c1eab5a9cb490539fda9915f6b4"}
}
