TN:
SF:app/(tabs)/index.tsx
FN:8,HomeScreen
FNF:1
FNH:1
FNDA:1,HomeScreen
DA:9,1
DA:10,1
DA:12,1
DA:55,1
LF:4
LH:4
BRDA:14,0,0,0
BRDA:14,0,1,1
BRF:2
BRH:1
end_of_record
TN:
SF:components/basic-calculator.tsx
FN:26,(anonymous_0)
FN:47,(anonymous_1)
FN:52,(anonymous_2)
FN:53,(anonymous_3)
FN:54,(anonymous_4)
FN:57,(anonymous_5)
FN:62,(anonymous_6)
FN:63,(anonymous_7)
FN:64,(anonymous_8)
FN:67,(anonymous_9)
FN:72,(anonymous_10)
FN:73,(anonymous_11)
FN:74,(anonymous_12)
FN:77,(anonymous_13)
FN:82,(anonymous_14)
FN:83,(anonymous_15)
FN:134,(anonymous_16)
FN:136,(anonymous_17)
FN:137,(anonymous_18)
FNF:19
FNH:4
FNDA:1,(anonymous_0)
FNDA:0,(anonymous_1)
FNDA:0,(anonymous_2)
FNDA:0,(anonymous_3)
FNDA:0,(anonymous_4)
FNDA:0,(anonymous_5)
FNDA:0,(anonymous_6)
FNDA:0,(anonymous_7)
FNDA:0,(anonymous_8)
FNDA:0,(anonymous_9)
FNDA:0,(anonymous_10)
FNDA:0,(anonymous_11)
FNDA:0,(anonymous_12)
FNDA:0,(anonymous_13)
FNDA:0,(anonymous_14)
FNDA:0,(anonymous_15)
FNDA:5,(anonymous_16)
FNDA:20,(anonymous_17)
FNDA:20,(anonymous_18)
DA:26,1
DA:38,1
DA:39,1
DA:40,1
DA:47,0
DA:52,0
DA:53,0
DA:54,0
DA:57,0
DA:62,0
DA:63,0
DA:64,0
DA:67,0
DA:72,0
DA:73,0
DA:74,0
DA:77,0
DA:82,0
DA:83,0
DA:89,1
DA:135,5
DA:137,20
DA:138,20
DA:139,1
DA:144,19
DA:145,4
DA:150,15
DA:151,1
DA:156,14
DA:157,2
DA:163,12
DA:171,20
DA:191,1
LF:33
LH:18
BRDA:95,0,0,0
BRDA:95,0,1,1
BRDA:116,1,0,0
BRDA:116,1,1,1
BRDA:127,2,0,0
BRDA:127,2,1,1
BRDA:138,3,0,1
BRDA:138,3,1,19
BRDA:140,4,0,0
BRDA:140,4,1,1
BRDA:144,5,0,4
BRDA:144,5,1,15
BRDA:146,6,0,0
BRDA:146,6,1,4
BRDA:150,7,0,1
BRDA:150,7,1,14
BRDA:152,8,0,0
BRDA:152,8,1,1
BRDA:156,9,0,2
BRDA:156,9,1,12
BRDA:158,10,0,0
BRDA:158,10,1,2
BRDA:164,11,0,0
BRDA:164,11,1,12
BRF:24
BRH:16
end_of_record
TN:
SF:components/scientific-calculator.tsx
FN:36,(anonymous_0)
FN:61,(anonymous_1)
FN:115,(anonymous_2)
FN:125,(anonymous_3)
FN:148,(anonymous_4)
FN:153,(anonymous_5)
FN:154,(anonymous_6)
FN:155,(anonymous_7)
FN:158,(anonymous_8)
FN:163,(anonymous_9)
FN:164,(anonymous_10)
FN:165,(anonymous_11)
FN:168,(anonymous_12)
FN:173,(anonymous_13)
FN:174,(anonymous_14)
FN:175,(anonymous_15)
FN:178,(anonymous_16)
FN:185,(anonymous_17)
FN:188,(anonymous_18)
FN:247,(anonymous_19)
FN:249,(anonymous_20)
FN:270,(anonymous_21)
FN:272,(anonymous_22)
FNF:23
FNH:0
FNDA:0,(anonymous_0)
FNDA:0,(anonymous_1)
FNDA:0,(anonymous_2)
FNDA:0,(anonymous_3)
FNDA:0,(anonymous_4)
FNDA:0,(anonymous_5)
FNDA:0,(anonymous_6)
FNDA:0,(anonymous_7)
FNDA:0,(anonymous_8)
FNDA:0,(anonymous_9)
FNDA:0,(anonymous_10)
FNDA:0,(anonymous_11)
FNDA:0,(anonymous_12)
FNDA:0,(anonymous_13)
FNDA:0,(anonymous_14)
FNDA:0,(anonymous_15)
FNDA:0,(anonymous_16)
FNDA:0,(anonymous_17)
FNDA:0,(anonymous_18)
FNDA:0,(anonymous_19)
FNDA:0,(anonymous_20)
FNDA:0,(anonymous_21)
FNDA:0,(anonymous_22)
DA:36,1
DA:58,0
DA:59,0
DA:61,0
DA:62,0
DA:63,0
DA:68,0
DA:69,0
DA:74,0
DA:75,0
DA:80,0
DA:81,0
DA:86,0
DA:87,0
DA:92,0
DA:93,0
DA:100,0
DA:108,0
DA:115,0
DA:125,0
DA:141,0
DA:148,0
DA:153,0
DA:154,0
DA:155,0
DA:158,0
DA:163,0
DA:164,0
DA:165,0
DA:168,0
DA:173,0
DA:174,0
DA:175,0
DA:178,0
DA:185,0
DA:188,0
DA:194,0
DA:248,0
DA:250,0
DA:271,0
DA:273,0
DA:292,1
LF:42
LH:2
BRDA:62,0,0,0
BRDA:62,0,1,0
BRDA:64,1,0,0
BRDA:64,1,1,0
BRDA:68,2,0,0
BRDA:68,2,1,0
BRDA:70,3,0,0
BRDA:70,3,1,0
BRDA:74,4,0,0
BRDA:74,4,1,0
BRDA:76,5,0,0
BRDA:76,5,1,0
BRDA:80,6,0,0
BRDA:80,6,1,0
BRDA:82,7,0,0
BRDA:82,7,1,0
BRDA:86,8,0,0
BRDA:86,8,1,0
BRDA:88,9,0,0
BRDA:88,9,1,0
BRDA:92,10,0,0
BRDA:92,10,1,0
BRDA:94,11,0,0
BRDA:94,11,1,0
BRDA:101,12,0,0
BRDA:101,12,1,0
BRDA:200,13,0,0
BRDA:200,13,1,0
BRDA:221,14,0,0
BRDA:221,14,1,0
BRDA:232,15,0,0
BRDA:232,15,1,0
BRF:32
BRH:0
end_of_record
TN:
SF:components/themed-text.tsx
FN:11,ThemedText
FNF:1
FNH:1
FNDA:23,ThemedText
DA:18,23
DA:20,23
DA:36,1
LF:3
LH:3
BRDA:15,0,0,23
BRDA:24,1,0,23
BRDA:24,1,1,0
BRDA:25,2,0,0
BRDA:25,2,1,23
BRDA:26,3,0,0
BRDA:26,3,1,23
BRDA:27,4,0,0
BRDA:27,4,1,23
BRDA:28,5,0,0
BRDA:28,5,1,23
BRF:11
BRH:6
end_of_record
TN:
SF:components/themed-view.tsx
FN:10,ThemedView
FNF:1
FNH:1
FNDA:2,ThemedView
DA:11,2
DA:13,2
LF:2
LH:2
BRF:0
BRH:0
end_of_record
TN:
SF:constants/theme.ts
FNF:0
FNH:0
DA:8,1
DA:9,1
DA:11,1
DA:30,1
LF:4
LH:4
BRF:0
BRH:0
end_of_record
TN:
SF:hooks/use-calculator.ts
FN:15,(anonymous_0)
FN:26,(anonymous_1)
FN:38,(anonymous_2)
FN:39,(anonymous_3)
FN:45,(anonymous_4)
FN:46,(anonymous_5)
FN:70,(anonymous_6)
FN:71,(anonymous_7)
FN:113,(anonymous_8)
FN:114,(anonymous_9)
FN:136,(anonymous_10)
FN:137,(anonymous_11)
FN:158,(anonymous_12)
FN:159,(anonymous_13)
FN:171,(anonymous_14)
FN:172,(anonymous_15)
FN:184,(anonymous_16)
FN:185,(anonymous_17)
FN:198,(anonymous_18)
FN:199,(anonymous_19)
FN:211,(anonymous_20)
FN:212,(anonymous_21)
FN:224,(anonymous_22)
FN:225,(anonymous_23)
FN:237,(anonymous_24)
FN:238,(anonymous_25)
FN:250,(anonymous_26)
FN:251,(anonymous_27)
FN:264,(anonymous_28)
FN:265,(anonymous_29)
FN:278,(anonymous_30)
FN:279,(anonymous_31)
FN:291,(anonymous_32)
FN:292,(anonymous_33)
FN:311,(anonymous_34)
FN:312,(anonymous_35)
FN:324,(anonymous_36)
FN:325,(anonymous_37)
FN:364,performOperation
FNF:39
FNH:1
FNDA:1,(anonymous_0)
FNDA:0,(anonymous_1)
FNDA:0,(anonymous_2)
FNDA:0,(anonymous_3)
FNDA:0,(anonymous_4)
FNDA:0,(anonymous_5)
FNDA:0,(anonymous_6)
FNDA:0,(anonymous_7)
FNDA:0,(anonymous_8)
FNDA:0,(anonymous_9)
FNDA:0,(anonymous_10)
FNDA:0,(anonymous_11)
FNDA:0,(anonymous_12)
FNDA:0,(anonymous_13)
FNDA:0,(anonymous_14)
FNDA:0,(anonymous_15)
FNDA:0,(anonymous_16)
FNDA:0,(anonymous_17)
FNDA:0,(anonymous_18)
FNDA:0,(anonymous_19)
FNDA:0,(anonymous_20)
FNDA:0,(anonymous_21)
FNDA:0,(anonymous_22)
FNDA:0,(anonymous_23)
FNDA:0,(anonymous_24)
FNDA:0,(anonymous_25)
FNDA:0,(anonymous_26)
FNDA:0,(anonymous_27)
FNDA:0,(anonymous_28)
FNDA:0,(anonymous_29)
FNDA:0,(anonymous_30)
FNDA:0,(anonymous_31)
FNDA:0,(anonymous_32)
FNDA:0,(anonymous_33)
FNDA:0,(anonymous_34)
FNDA:0,(anonymous_35)
FNDA:0,(anonymous_36)
FNDA:0,(anonymous_37)
FNDA:0,performOperation
DA:15,1
DA:16,1
DA:26,1
DA:27,0
DA:38,1
DA:39,0
DA:45,1
DA:46,0
DA:47,0
DA:49,0
DA:50,0
DA:51,0
DA:52,0
DA:53,0
DA:54,0
DA:56,0
DA:59,0
DA:61,0
DA:70,1
DA:71,0
DA:72,0
DA:73,0
DA:75,0
DA:76,0
DA:77,0
DA:88,0
DA:89,0
DA:90,0
DA:98,0
DA:99,0
DA:101,0
DA:113,1
DA:114,0
DA:115,0
DA:116,0
DA:119,0
DA:120,0
DA:121,0
DA:123,0
DA:136,1
DA:137,0
DA:138,0
DA:139,0
DA:140,0
DA:141,0
DA:148,0
DA:149,0
DA:150,0
DA:158,1
DA:159,0
DA:160,0
DA:161,0
DA:162,0
DA:163,0
DA:171,1
DA:172,0
DA:173,0
DA:174,0
DA:175,0
DA:176,0
DA:184,1
DA:185,0
DA:186,0
DA:187,0
DA:188,0
DA:189,0
DA:190,0
DA:198,1
DA:199,0
DA:200,0
DA:201,0
DA:202,0
DA:203,0
DA:211,1
DA:212,0
DA:213,0
DA:214,0
DA:215,0
DA:216,0
DA:224,1
DA:225,0
DA:226,0
DA:227,0
DA:228,0
DA:229,0
DA:237,1
DA:238,0
DA:239,0
DA:240,0
DA:241,0
DA:242,0
DA:250,1
DA:251,0
DA:252,0
DA:253,0
DA:254,0
DA:255,0
DA:256,0
DA:264,1
DA:265,0
DA:266,0
DA:267,0
DA:268,0
DA:269,0
DA:270,0
DA:278,1
DA:279,0
DA:280,0
DA:281,0
DA:282,0
DA:283,0
DA:291,1
DA:292,0
DA:293,0
DA:294,0
DA:296,0
DA:297,0
DA:298,0
DA:301,0
DA:302,0
DA:303,0
DA:311,1
DA:312,0
DA:313,0
DA:314,0
DA:315,0
DA:316,0
DA:324,1
DA:325,0
DA:326,0
DA:327,0
DA:328,0
DA:329,0
DA:330,0
DA:338,1
DA:365,0
DA:367,0
DA:369,0
DA:371,0
DA:373,0
DA:375,0
LF:141
LH:22
BRDA:49,0,0,0
BRDA:49,0,1,0
BRDA:51,1,0,0
BRDA:51,1,1,0
BRDA:51,2,0,0
BRDA:51,2,1,0
BRDA:53,3,0,0
BRDA:53,3,1,0
BRDA:53,4,0,0
BRDA:53,4,1,0
BRDA:59,5,0,0
BRDA:59,5,1,0
BRDA:75,6,0,0
BRDA:75,6,1,0
BRDA:88,7,0,0
BRDA:88,7,1,0
BRDA:98,8,0,0
BRDA:98,8,1,0
BRDA:115,9,0,0
BRDA:115,9,1,0
BRDA:115,10,0,0
BRDA:115,10,1,0
BRDA:138,11,0,0
BRDA:138,11,1,0
BRDA:140,12,0,0
BRDA:140,12,1,0
BRDA:187,13,0,0
BRDA:187,13,1,0
BRDA:253,14,0,0
BRDA:253,14,1,0
BRDA:267,15,0,0
BRDA:267,15,1,0
BRDA:294,16,0,0
BRDA:294,16,1,0
BRDA:294,17,0,0
BRDA:294,17,1,0
BRDA:327,18,0,0
BRDA:327,18,1,0
BRDA:365,19,0,0
BRDA:365,19,1,0
BRDA:365,19,2,0
BRDA:365,19,3,0
BRDA:365,19,4,0
BRDA:373,20,0,0
BRDA:373,20,1,0
BRF:45
BRH:0
end_of_record
TN:
SF:hooks/use-color-scheme.ts
FNF:0
FNH:0
LF:0
LH:0
BRF:0
BRH:0
end_of_record
TN:
SF:hooks/use-theme-color.ts
FN:9,useThemeColor
FNF:1
FNH:1
FNDA:25,useThemeColor
DA:13,25
DA:14,25
DA:16,25
DA:17,0
DA:19,25
LF:5
LH:4
BRDA:13,0,0,25
BRDA:13,0,1,0
BRDA:16,1,0,0
BRDA:16,1,1,25
BRF:4
BRH:2
end_of_record
